<?xml version="1.0" encoding="UTF-8"?>
<testng-results ignored="0" total="2" passed="2" failed="0" skipped="0">
  <reporter-output>
  </reporter-output>
  <suite started-at="2022-03-13T07:29:19Z" name="Orange HRM Test Suite" finished-at="2022-03-13T07:29:57Z" duration-ms="37075">
    <groups>
    </groups>
    <test started-at="2022-03-13T07:29:19Z" name="Open HRM Home Page Test" finished-at="2022-03-13T07:29:57Z" duration-ms="37075">
      <class name="com.qa.azuredevops.tests.OpenHRMHomePageTest">
        <test-method is-config="true" signature="setUp()[pri:0, instance:com.qa.azuredevops.tests.OpenHRMHomePageTest@2fc07784]" started-at="2022-03-13T07:29:19Z" name="setUp" finished-at="2022-03-13T07:29:55Z" duration-ms="35418" status="PASS">
          <reporter-output>
          </reporter-output>
        </test-method> <!-- setUp -->
        <test-method signature="HRMLogoTest()[pri:0, instance:com.qa.azuredevops.tests.OpenHRMHomePageTest@2fc07784]" started-at="2022-03-13T07:29:55Z" name="HRMLogoTest" finished-at="2022-03-13T07:29:55Z" duration-ms="310" status="PASS">
          <reporter-output>
          </reporter-output>
        </test-method> <!-- HRMLogoTest -->
        <test-method signature="Test1()[pri:0, instance:com.qa.azuredevops.tests.OpenHRMHomePageTest@2fc07784]" started-at="2022-03-13T07:29:56Z" name="Test1" finished-at="2022-03-13T07:29:56Z" duration-ms="21" status="PASS">
          <reporter-output>
          </reporter-output>
        </test-method> <!-- Test1 -->
        <test-method is-config="true" signature="tearDown()[pri:0, instance:com.qa.azuredevops.tests.OpenHRMHomePageTest@2fc07784]" started-at="2022-03-13T07:29:56Z" name="tearDown" finished-at="2022-03-13T07:29:57Z" duration-ms="860" status="PASS">
          <reporter-output>
          </reporter-output>
        </test-method> <!-- tearDown -->
      </class> <!-- com.qa.azuredevops.tests.OpenHRMHomePageTest -->
    </test> <!-- Open HRM Home Page Test -->
  </suite> <!-- Orange HRM Test Suite -->
</testng-results>
