<?xml version="1.0" encoding="UTF-8"?>
<!-- Generated by org.testng.reporters.JUnitXMLReporter -->
<testsuite ignored="0" hostname="AIS-MANASA" failures="0" tests="2" name="Open HRM Home Page Test" time="37.075" errors="0" timestamp="13 Mar 2022 07:29:57 GMT">
  <testcase classname="com.qa.azuredevops.tests.OpenHRMHomePageTest" name="HRMLogoTest" time="0.31"/>
  <testcase classname="com.qa.azuredevops.tests.OpenHRMHomePageTest" name="Test1" time="0.021"/>
</testsuite> <!-- Open HRM Home Page Test -->
